Arguments: 
  /usr/bin/node /usr/share/yarn/bin/yarn.js

PATH: 
  /usr/local/sbin:/usr/local/bin:/usr/sbin:/usr/bin:/sbin:/bin

Yarn version: 
  1.5.1

Node version: 
  9.9.0

Platform: 
  linux x64

npm manifest: 
  {
    "name": "project_name",
    "version": "1.0.0",
    "description": "Project Name",
    "repository": "git@github.com:luizbraga/django-react-boilerplate.git",
    "scripts": {
      "dev": "webpack --progress --display-error-details --config webpack/common.config.js --watch",
      "prod": "webpack --progress -p --config webpack/common.config.js",
      "test": "mocha --compilers js:babel-core/register --require ./test/test_helper.js --recursive ./test",
      "test:watch": "npm run test -- --watch"
    },
    "author": "Luiz Braga <luizbragaa@gmail.com>",
    "license": "MIT",
    "devDependencies": {
      "babel-core": "^6.2.1",
      "babel-loader": "^6.2.0",
      "babel-preset-es2015": "^6.1.18",
      "babel-preset-react": "^6.1.18",
      "chai": "^3.5.0",
      "chai-jquery": "^2.0.0",
      "jquery": "^3.0.0",
      "jsdom": "^8.1.0",
      "mocha": "^2.4.5",
      "react-addons-test-utils": "^0.14.7",
      "webpack": "^1.12.9",
      "webpack-dev-server": "^1.14.0"
    },
    "dependencies": {
      "babel-polyfill": "6.26.0",
      "babel-preset-stage-1": "^6.1.18",
      "bootstrap-loader": "2.2.0",
      "classnames": "2.2.5",
      "clean-webpack-plugin": "0.1.16",
      "css-loader": "0.28.5",
      "errorhandler": "1.5.0",
      "es6-promise": "4.1.1",
      "exports-loader": "0.6.4",
      "extract-text-webpack-plugin": "3.0.0",
      "font-awesome-webpack": "0.0.5-beta.2",
      "font-awesome": "4.7.0",
      "history": "4.7.2",
      "jquery": "3.2.1",
      "lodash": "^3.10.1",
      "react-dom": "^0.14.3",
      "react-mixin": "3.1.0",
      "react-redux": "4.3.0",
      "react-router-redux": "5.0.0-alpha.6",
      "react-router": "^2.0.1",
      "react": "^0.14.3",
      "redux": "^3.0.4",
    }
  }

yarn manifest: 
  No manifest

Lockfile: 
  No lockfile

Trace: 
  SyntaxError: /app/package.json: Unexpected token } in JSON at position 1652
      at JSON.parse (<anonymous>)
      at /usr/share/yarn/lib/cli.js:1036:59
      at Generator.next (<anonymous>)
      at step (/usr/share/yarn/lib/cli.js:98:30)
      at /usr/share/yarn/lib/cli.js:109:13
      at <anonymous>
